{"/Users/mac/Documents/Drip/Liquifact-backend/src/workers/jobQueue.js": {"path":"/Users/mac/Documents/Drip/Liquifact-backend/src/workers/jobQueue.js","statementMap":{"0":{"start":{"line":14,"column":15},"end":{"line":14,"column":32}},"1":{"start":{"line":21,"column":19},"end":{"line":27,"column":1}},"2":{"start":{"line":51,"column":4},"end":{"line":51,"column":60}},"3":{"start":{"line":52,"column":4},"end":{"line":52,"column":54}},"4":{"start":{"line":55,"column":4},"end":{"line":55,"column":26}},"5":{"start":{"line":58,"column":4},"end":{"line":58,"column":20}},"6":{"start":{"line":61,"column":4},"end":{"line":61,"column":25}},"7":{"start":{"line":83,"column":4},"end":{"line":85,"column":5}},"8":{"start":{"line":84,"column":6},"end":{"line":84,"column":61}},"9":{"start":{"line":88,"column":4},"end":{"line":92,"column":5}},"10":{"start":{"line":89,"column":6},"end":{"line":89,"column":30}},"11":{"start":{"line":91,"column":6},"end":{"line":91,"column":79}},"12":{"start":{"line":95,"column":4},"end":{"line":97,"column":5}},"13":{"start":{"line":96,"column":6},"end":{"line":96,"column":71}},"14":{"start":{"line":100,"column":18},"end":{"line":100,"column":64}},"15":{"start":{"line":102,"column":16},"end":{"line":114,"column":5}},"16":{"start":{"line":116,"column":4},"end":{"line":116,"column":30}},"17":{"start":{"line":117,"column":4},"end":{"line":117,"column":27}},"18":{"start":{"line":119,"column":4},"end":{"line":119,"column":17}},"19":{"start":{"line":132,"column":4},"end":{"line":147,"column":5}},"20":{"start":{"line":133,"column":20},"end":{"line":133,"column":43}},"21":{"start":{"line":134,"column":18},"end":{"line":134,"column":38}},"22":{"start":{"line":136,"column":6},"end":{"line":146,"column":7}},"23":{"start":{"line":137,"column":8},"end":{"line":145,"column":9}},"24":{"start":{"line":138,"column":10},"end":{"line":138,"column":45}},"25":{"start":{"line":139,"column":10},"end":{"line":139,"column":37}},"26":{"start":{"line":140,"column":10},"end":{"line":140,"column":28}},"27":{"start":{"line":141,"column":10},"end":{"line":141,"column":21}},"28":{"start":{"line":144,"column":10},"end":{"line":144,"column":38}},"29":{"start":{"line":150,"column":4},"end":{"line":168,"column":5}},"30":{"start":{"line":151,"column":20},"end":{"line":151,"column":38}},"31":{"start":{"line":152,"column":18},"end":{"line":152,"column":38}},"32":{"start":{"line":154,"column":6},"end":{"line":157,"column":7}},"33":{"start":{"line":156,"column":8},"end":{"line":156,"column":17}},"34":{"start":{"line":159,"column":6},"end":{"line":167,"column":7}},"35":{"start":{"line":160,"column":8},"end":{"line":160,"column":43}},"36":{"start":{"line":161,"column":8},"end":{"line":161,"column":35}},"37":{"start":{"line":162,"column":8},"end":{"line":162,"column":26}},"38":{"start":{"line":163,"column":8},"end":{"line":163,"column":19}},"39":{"start":{"line":164,"column":13},"end":{"line":167,"column":7}},"40":{"start":{"line":166,"column":8},"end":{"line":166,"column":31}},"41":{"start":{"line":170,"column":4},"end":{"line":170,"column":16}},"42":{"start":{"line":182,"column":16},"end":{"line":182,"column":36}},"43":{"start":{"line":184,"column":4},"end":{"line":186,"column":5}},"44":{"start":{"line":185,"column":6},"end":{"line":185,"column":48}},"45":{"start":{"line":188,"column":4},"end":{"line":192,"column":5}},"46":{"start":{"line":189,"column":6},"end":{"line":191,"column":8}},"47":{"start":{"line":194,"column":4},"end":{"line":194,"column":38}},"48":{"start":{"line":195,"column":4},"end":{"line":195,"column":33}},"49":{"start":{"line":211,"column":16},"end":{"line":211,"column":36}},"50":{"start":{"line":213,"column":4},"end":{"line":215,"column":5}},"51":{"start":{"line":214,"column":6},"end":{"line":214,"column":48}},"52":{"start":{"line":217,"column":4},"end":{"line":217,"column":52}},"53":{"start":{"line":218,"column":4},"end":{"line":218,"column":35}},"54":{"start":{"line":221,"column":4},"end":{"line":233,"column":5}},"55":{"start":{"line":222,"column":6},"end":{"line":222,"column":39}},"56":{"start":{"line":225,"column":22},"end":{"line":225,"column":75}},"57":{"start":{"line":226,"column":6},"end":{"line":226,"column":41}},"58":{"start":{"line":228,"column":6},"end":{"line":228,"column":34}},"59":{"start":{"line":231,"column":6},"end":{"line":231,"column":37}},"60":{"start":{"line":232,"column":6},"end":{"line":232,"column":35}},"61":{"start":{"line":243,"column":4},"end":{"line":243,"column":40}},"62":{"start":{"line":252,"column":18},"end":{"line":261,"column":5}},"63":{"start":{"line":263,"column":4},"end":{"line":269,"column":5}},"64":{"start":{"line":264,"column":6},"end":{"line":268,"column":71}},"65":{"start":{"line":264,"column":45},"end":{"line":264,"column":64}},"66":{"start":{"line":265,"column":11},"end":{"line":268,"column":71}},"67":{"start":{"line":265,"column":53},"end":{"line":265,"column":75}},"68":{"start":{"line":266,"column":11},"end":{"line":268,"column":71}},"69":{"start":{"line":266,"column":52},"end":{"line":266,"column":73}},"70":{"start":{"line":267,"column":11},"end":{"line":268,"column":71}},"71":{"start":{"line":267,"column":49},"end":{"line":267,"column":67}},"72":{"start":{"line":268,"column":11},"end":{"line":268,"column":71}},"73":{"start":{"line":268,"column":51},"end":{"line":268,"column":71}},"74":{"start":{"line":271,"column":4},"end":{"line":271,"column":17}},"75":{"start":{"line":281,"column":18},"end":{"line":281,"column":32}},"76":{"start":{"line":282,"column":4},"end":{"line":282,"column":22}},"77":{"start":{"line":283,"column":4},"end":{"line":283,"column":20}},"78":{"start":{"line":284,"column":4},"end":{"line":284,"column":25}},"79":{"start":{"line":285,"column":4},"end":{"line":285,"column":17}},"80":{"start":{"line":300,"column":4},"end":{"line":302,"column":5}},"81":{"start":{"line":301,"column":6},"end":{"line":301,"column":19}},"82":{"start":{"line":304,"column":16},"end":{"line":304,"column":26}},"83":{"start":{"line":305,"column":25},"end":{"line":307,"column":25}},"84":{"start":{"line":309,"column":4},"end":{"line":309,"column":24}},"85":{"start":{"line":313,"column":0},"end":{"line":313,"column":26}},"86":{"start":{"line":314,"column":0},"end":{"line":314,"column":39}}},"fnMap":{"0":{"name":"(anonymous_0)","decl":{"start":{"line":49,"column":2},"end":{"line":49,"column":3}},"loc":{"start":{"line":49,"column":28},"end":{"line":62,"column":3}},"line":49},"1":{"name":"(anonymous_1)","decl":{"start":{"line":81,"column":2},"end":{"line":81,"column":3}},"loc":{"start":{"line":81,"column":39},"end":{"line":120,"column":3}},"line":81},"2":{"name":"(anonymous_2)","decl":{"start":{"line":130,"column":2},"end":{"line":130,"column":3}},"loc":{"start":{"line":130,"column":12},"end":{"line":171,"column":3}},"line":130},"3":{"name":"(anonymous_3)","decl":{"start":{"line":181,"column":2},"end":{"line":181,"column":3}},"loc":{"start":{"line":181,"column":13},"end":{"line":196,"column":3}},"line":181},"4":{"name":"(anonymous_4)","decl":{"start":{"line":210,"column":2},"end":{"line":210,"column":3}},"loc":{"start":{"line":210,"column":22},"end":{"line":234,"column":3}},"line":210},"5":{"name":"(anonymous_5)","decl":{"start":{"line":242,"column":2},"end":{"line":242,"column":3}},"loc":{"start":{"line":242,"column":16},"end":{"line":244,"column":3}},"line":242},"6":{"name":"(anonymous_6)","decl":{"start":{"line":251,"column":2},"end":{"line":251,"column":3}},"loc":{"start":{"line":251,"column":13},"end":{"line":272,"column":3}},"line":251},"7":{"name":"(anonymous_7)","decl":{"start":{"line":280,"column":2},"end":{"line":280,"column":3}},"loc":{"start":{"line":280,"column":10},"end":{"line":286,"column":3}},"line":280},"8":{"name":"(anonymous_8)","decl":{"start":{"line":299,"column":2},"end":{"line":299,"column":3}},"loc":{"start":{"line":299,"column":25},"end":{"line":310,"column":3}},"line":299}},"branchMap":{"0":{"loc":{"start":{"line":49,"column":14},"end":{"line":49,"column":26}},"type":"default-arg","locations":[{"start":{"line":49,"column":24},"end":{"line":49,"column":26}}],"line":49},"1":{"loc":{"start":{"line":51,"column":31},"end":{"line":51,"column":54}},"type":"binary-expr","locations":[{"start":{"line":51,"column":31},"end":{"line":51,"column":49}},{"start":{"line":51,"column":53},"end":{"line":51,"column":54}}],"line":51},"2":{"loc":{"start":{"line":52,"column":24},"end":{"line":52,"column":53}},"type":"binary-expr","locations":[{"start":{"line":52,"column":24},"end":{"line":52,"column":44}},{"start":{"line":52,"column":48},"end":{"line":52,"column":53}}],"line":52},"3":{"loc":{"start":{"line":81,"column":25},"end":{"line":81,"column":37}},"type":"default-arg","locations":[{"start":{"line":81,"column":35},"end":{"line":81,"column":37}}],"line":81},"4":{"loc":{"start":{"line":83,"column":4},"end":{"line":85,"column":5}},"type":"if","locations":[{"start":{"line":83,"column":4},"end":{"line":85,"column":5}},{"start":{},"end":{}}],"line":83},"5":{"loc":{"start":{"line":83,"column":8},"end":{"line":83,"column":60}},"type":"binary-expr","locations":[{"start":{"line":83,"column":8},"end":{"line":83,"column":32}},{"start":{"line":83,"column":36},"end":{"line":83,"column":60}}],"line":83},"6":{"loc":{"start":{"line":95,"column":4},"end":{"line":97,"column":5}},"type":"if","locations":[{"start":{"line":95,"column":4},"end":{"line":97,"column":5}},{"start":{},"end":{}}],"line":95},"7":{"loc":{"start":{"line":107,"column":16},"end":{"line":107,"column":37}},"type":"binary-expr","locations":[{"start":{"line":107,"column":16},"end":{"line":107,"column":32}},{"start":{"line":107,"column":36},"end":{"line":107,"column":37}}],"line":107},"8":{"loc":{"start":{"line":108,"column":15},"end":{"line":108,"column":35}},"type":"binary-expr","locations":[{"start":{"line":108,"column":15},"end":{"line":108,"column":30}},{"start":{"line":108,"column":34},"end":{"line":108,"column":35}}],"line":108},"9":{"loc":{"start":{"line":132,"column":4},"end":{"line":147,"column":5}},"type":"if","locations":[{"start":{"line":132,"column":4},"end":{"line":147,"column":5}},{"start":{},"end":{}}],"line":132},"10":{"loc":{"start":{"line":136,"column":6},"end":{"line":146,"column":7}},"type":"if","locations":[{"start":{"line":136,"column":6},"end":{"line":146,"column":7}},{"start":{},"end":{}}],"line":136},"11":{"loc":{"start":{"line":137,"column":8},"end":{"line":145,"column":9}},"type":"if","locations":[{"start":{"line":137,"column":8},"end":{"line":145,"column":9}},{"start":{"line":142,"column":15},"end":{"line":145,"column":9}}],"line":137},"12":{"loc":{"start":{"line":154,"column":6},"end":{"line":157,"column":7}},"type":"if","locations":[{"start":{"line":154,"column":6},"end":{"line":157,"column":7}},{"start":{},"end":{}}],"line":154},"13":{"loc":{"start":{"line":159,"column":6},"end":{"line":167,"column":7}},"type":"if","locations":[{"start":{"line":159,"column":6},"end":{"line":167,"column":7}},{"start":{"line":164,"column":13},"end":{"line":167,"column":7}}],"line":159},"14":{"loc":{"start":{"line":164,"column":13},"end":{"line":167,"column":7}},"type":"if","locations":[{"start":{"line":164,"column":13},"end":{"line":167,"column":7}},{"start":{},"end":{}}],"line":164},"15":{"loc":{"start":{"line":184,"column":4},"end":{"line":186,"column":5}},"type":"if","locations":[{"start":{"line":184,"column":4},"end":{"line":186,"column":5}},{"start":{},"end":{}}],"line":184},"16":{"loc":{"start":{"line":188,"column":4},"end":{"line":192,"column":5}},"type":"if","locations":[{"start":{"line":188,"column":4},"end":{"line":192,"column":5}},{"start":{},"end":{}}],"line":188},"17":{"loc":{"start":{"line":213,"column":4},"end":{"line":215,"column":5}},"type":"if","locations":[{"start":{"line":213,"column":4},"end":{"line":215,"column":5}},{"start":{},"end":{}}],"line":213},"18":{"loc":{"start":{"line":217,"column":20},"end":{"line":217,"column":51}},"type":"binary-expr","locations":[{"start":{"line":217,"column":20},"end":{"line":217,"column":34}},{"start":{"line":217,"column":38},"end":{"line":217,"column":51}}],"line":217},"19":{"loc":{"start":{"line":221,"column":4},"end":{"line":233,"column":5}},"type":"if","locations":[{"start":{"line":221,"column":4},"end":{"line":233,"column":5}},{"start":{"line":229,"column":11},"end":{"line":233,"column":5}}],"line":221},"20":{"loc":{"start":{"line":243,"column":11},"end":{"line":243,"column":39}},"type":"binary-expr","locations":[{"start":{"line":243,"column":11},"end":{"line":243,"column":31}},{"start":{"line":243,"column":35},"end":{"line":243,"column":39}}],"line":243},"21":{"loc":{"start":{"line":264,"column":6},"end":{"line":268,"column":71}},"type":"if","locations":[{"start":{"line":264,"column":6},"end":{"line":268,"column":71}},{"start":{"line":265,"column":11},"end":{"line":268,"column":71}}],"line":264},"22":{"loc":{"start":{"line":265,"column":11},"end":{"line":268,"column":71}},"type":"if","locations":[{"start":{"line":265,"column":11},"end":{"line":268,"column":71}},{"start":{"line":266,"column":11},"end":{"line":268,"column":71}}],"line":265},"23":{"loc":{"start":{"line":266,"column":11},"end":{"line":268,"column":71}},"type":"if","locations":[{"start":{"line":266,"column":11},"end":{"line":268,"column":71}},{"start":{"line":267,"column":11},"end":{"line":268,"column":71}}],"line":266},"24":{"loc":{"start":{"line":267,"column":11},"end":{"line":268,"column":71}},"type":"if","locations":[{"start":{"line":267,"column":11},"end":{"line":268,"column":71}},{"start":{"line":268,"column":11},"end":{"line":268,"column":71}}],"line":267},"25":{"loc":{"start":{"line":268,"column":11},"end":{"line":268,"column":71}},"type":"if","locations":[{"start":{"line":268,"column":11},"end":{"line":268,"column":71}},{"start":{},"end":{}}],"line":268},"26":{"loc":{"start":{"line":300,"column":4},"end":{"line":302,"column":5}},"type":"if","locations":[{"start":{"line":300,"column":4},"end":{"line":302,"column":5}},{"start":{},"end":{}}],"line":300},"27":{"loc":{"start":{"line":300,"column":8},"end":{"line":300,"column":79}},"type":"binary-expr","locations":[{"start":{"line":300,"column":8},"end":{"line":300,"column":41}},{"start":{"line":300,"column":45},"end":{"line":300,"column":79}}],"line":300},"28":{"loc":{"start":{"line":305,"column":25},"end":{"line":307,"column":25}},"type":"cond-expr","locations":[{"start":{"line":306,"column":8},"end":{"line":306,"column":26}},{"start":{"line":307,"column":8},"end":{"line":307,"column":25}}],"line":305}},"s":{"0":1,"1":1,"2":71,"3":71,"4":71,"5":71,"6":71,"7":59,"8":2,"9":57,"10":57,"11":1,"12":56,"13":1,"14":55,"15":55,"16":55,"17":55,"18":55,"19":76,"20":18,"21":18,"22":18,"23":18,"24":1,"25":1,"26":1,"27":1,"28":17,"29":75,"30":37,"31":37,"32":37,"33":0,"34":37,"35":36,"36":36,"37":36,"38":36,"39":1,"40":1,"41":39,"42":17,"43":17,"44":2,"45":15,"46":2,"47":13,"48":13,"49":25,"50":25,"51":2,"52":23,"53":23,"54":23,"55":23,"56":23,"57":23,"58":23,"59":0,"60":0,"61":24,"62":6,"63":6,"64":9,"65":2,"66":7,"67":4,"68":3,"69":2,"70":1,"71":0,"72":1,"73":1,"74":6,"75":65,"76":65,"77":65,"78":65,"79":65,"80":55,"81":0,"82":55,"83":55,"84":55,"85":1,"86":1},"f":{"0":71,"1":59,"2":76,"3":17,"4":25,"5":24,"6":6,"7":65,"8":55},"b":{"0":[66],"1":[71,69],"2":[71,70],"3":[43],"4":[2,57],"5":[59,58],"6":[1,55],"7":[55,53],"8":[55,53],"9":[18,58],"10":[18,0],"11":[1,17],"12":[0,37],"13":[36,1],"14":[1,0],"15":[2,15],"16":[2,13],"17":[2,23],"18":[23,2],"19":[23,0],"20":[24,1],"21":[2,7],"22":[4,3],"23":[2,1],"24":[0,1],"25":[1,0],"26":[0,55],"27":[55,18],"28":[55,0]},"_coverageSchema":"1a1c01bbd47fc00a2c39e90264f33305004495a9","hash":"6dcb5f73953946927d1cfda7b5ea288330bff88f"}
,"/Users/mac/Documents/Drip/Liquifact-backend/src/workers/worker.js": {"path":"/Users/mac/Documents/Drip/Liquifact-backend/src/workers/worker.js","statementMap":{"0":{"start":{"line":15,"column":17},"end":{"line":15,"column":38}},"1":{"start":{"line":16,"column":23},"end":{"line":16,"column":44}},"2":{"start":{"line":40,"column":4},"end":{"line":40,"column":55}},"3":{"start":{"line":43,"column":4},"end":{"line":43,"column":71}},"4":{"start":{"line":46,"column":4},"end":{"line":48,"column":10}},"5":{"start":{"line":51,"column":4},"end":{"line":51,"column":30}},"6":{"start":{"line":54,"column":4},"end":{"line":54,"column":27}},"7":{"start":{"line":55,"column":4},"end":{"line":55,"column":29}},"8":{"start":{"line":56,"column":4},"end":{"line":56,"column":26}},"9":{"start":{"line":71,"column":4},"end":{"line":73,"column":5}},"10":{"start":{"line":72,"column":6},"end":{"line":72,"column":61}},"11":{"start":{"line":75,"column":4},"end":{"line":77,"column":5}},"12":{"start":{"line":76,"column":6},"end":{"line":76,"column":75}},"13":{"start":{"line":79,"column":4},"end":{"line":79,"column":40}},"14":{"start":{"line":91,"column":4},"end":{"line":93,"column":5}},"15":{"start":{"line":92,"column":6},"end":{"line":92,"column":51}},"16":{"start":{"line":95,"column":4},"end":{"line":97,"column":5}},"17":{"start":{"line":96,"column":6},"end":{"line":96,"column":52}},"18":{"start":{"line":99,"column":4},"end":{"line":99,"column":26}},"19":{"start":{"line":100,"column":4},"end":{"line":100,"column":17}},"20":{"start":{"line":113,"column":4},"end":{"line":113,"column":27}},"21":{"start":{"line":115,"column":4},"end":{"line":118,"column":5}},"22":{"start":{"line":116,"column":6},"end":{"line":116,"column":35}},"23":{"start":{"line":117,"column":6},"end":{"line":117,"column":28}},"24":{"start":{"line":121,"column":22},"end":{"line":121,"column":32}},"25":{"start":{"line":122,"column":4},"end":{"line":124,"column":5}},"26":{"start":{"line":123,"column":6},"end":{"line":123,"column":63}},"27":{"start":{"line":123,"column":37},"end":{"line":123,"column":61}},"28":{"start":{"line":126,"column":4},"end":{"line":130,"column":5}},"29":{"start":{"line":127,"column":6},"end":{"line":129,"column":8}},"30":{"start":{"line":143,"column":4},"end":{"line":148,"column":5}},"31":{"start":{"line":144,"column":6},"end":{"line":147,"column":8}},"32":{"start":{"line":150,"column":4},"end":{"line":150,"column":60}},"33":{"start":{"line":159,"column":4},"end":{"line":164,"column":6}},"34":{"start":{"line":176,"column":4},"end":{"line":178,"column":5}},"35":{"start":{"line":177,"column":6},"end":{"line":177,"column":13}},"36":{"start":{"line":181,"column":4},"end":{"line":193,"column":5}},"37":{"start":{"line":182,"column":18},"end":{"line":182,"column":41}},"38":{"start":{"line":183,"column":6},"end":{"line":185,"column":7}},"39":{"start":{"line":184,"column":8},"end":{"line":184,"column":14}},"40":{"start":{"line":187,"column":6},"end":{"line":187,"column":32}},"41":{"start":{"line":190,"column":6},"end":{"line":192,"column":9}},"42":{"start":{"line":191,"column":8},"end":{"line":191,"column":73}},"43":{"start":{"line":196,"column":4},"end":{"line":198,"column":5}},"44":{"start":{"line":197,"column":6},"end":{"line":197,"column":75}},"45":{"start":{"line":197,"column":40},"end":{"line":197,"column":52}},"46":{"start":{"line":215,"column":4},"end":{"line":235,"column":5}},"47":{"start":{"line":216,"column":6},"end":{"line":218,"column":7}},"48":{"start":{"line":217,"column":8},"end":{"line":217,"column":49}},"49":{"start":{"line":220,"column":22},"end":{"line":220,"column":49}},"50":{"start":{"line":221,"column":6},"end":{"line":223,"column":7}},"51":{"start":{"line":222,"column":8},"end":{"line":222,"column":65}},"52":{"start":{"line":226,"column":6},"end":{"line":226,"column":25}},"53":{"start":{"line":229,"column":6},"end":{"line":229,"column":32}},"54":{"start":{"line":232,"column":6},"end":{"line":232,"column":39}},"55":{"start":{"line":234,"column":6},"end":{"line":234,"column":32}},"56":{"start":{"line":239,"column":0},"end":{"line":239,"column":34}}},"fnMap":{"0":{"name":"(anonymous_0)","decl":{"start":{"line":39,"column":2},"end":{"line":39,"column":3}},"loc":{"start":{"line":39,"column":28},"end":{"line":57,"column":3}},"line":39},"1":{"name":"(anonymous_1)","decl":{"start":{"line":70,"column":2},"end":{"line":70,"column":3}},"loc":{"start":{"line":70,"column":36},"end":{"line":80,"column":3}},"line":70},"2":{"name":"(anonymous_2)","decl":{"start":{"line":90,"column":2},"end":{"line":90,"column":3}},"loc":{"start":{"line":90,"column":10},"end":{"line":101,"column":3}},"line":90},"3":{"name":"(anonymous_3)","decl":{"start":{"line":112,"column":2},"end":{"line":112,"column":3}},"loc":{"start":{"line":112,"column":32},"end":{"line":131,"column":3}},"line":112},"4":{"name":"(anonymous_4)","decl":{"start":{"line":123,"column":24},"end":{"line":123,"column":25}},"loc":{"start":{"line":123,"column":37},"end":{"line":123,"column":61}},"line":123},"5":{"name":"(anonymous_5)","decl":{"start":{"line":142,"column":2},"end":{"line":142,"column":3}},"loc":{"start":{"line":142,"column":42},"end":{"line":151,"column":3}},"line":142},"6":{"name":"(anonymous_6)","decl":{"start":{"line":158,"column":2},"end":{"line":158,"column":3}},"loc":{"start":{"line":158,"column":13},"end":{"line":165,"column":3}},"line":158},"7":{"name":"(anonymous_7)","decl":{"start":{"line":175,"column":2},"end":{"line":175,"column":3}},"loc":{"start":{"line":175,"column":10},"end":{"line":199,"column":3}},"line":175},"8":{"name":"(anonymous_8)","decl":{"start":{"line":190,"column":34},"end":{"line":190,"column":35}},"loc":{"start":{"line":190,"column":43},"end":{"line":192,"column":7}},"line":190},"9":{"name":"(anonymous_9)","decl":{"start":{"line":197,"column":34},"end":{"line":197,"column":35}},"loc":{"start":{"line":197,"column":40},"end":{"line":197,"column":52}},"line":197},"10":{"name":"(anonymous_10)","decl":{"start":{"line":214,"column":2},"end":{"line":214,"column":3}},"loc":{"start":{"line":214,"column":25},"end":{"line":236,"column":3}},"line":214}},"branchMap":{"0":{"loc":{"start":{"line":39,"column":14},"end":{"line":39,"column":26}},"type":"default-arg","locations":[{"start":{"line":39,"column":24},"end":{"line":39,"column":26}}],"line":39},"1":{"loc":{"start":{"line":40,"column":20},"end":{"line":40,"column":54}},"type":"binary-expr","locations":[{"start":{"line":40,"column":20},"end":{"line":40,"column":36}},{"start":{"line":40,"column":40},"end":{"line":40,"column":54}}],"line":40},"2":{"loc":{"start":{"line":43,"column":35},"end":{"line":43,"column":65}},"type":"binary-expr","locations":[{"start":{"line":43,"column":35},"end":{"line":43,"column":57}},{"start":{"line":43,"column":61},"end":{"line":43,"column":65}}],"line":43},"3":{"loc":{"start":{"line":46,"column":26},"end":{"line":48,"column":9}},"type":"cond-expr","locations":[{"start":{"line":47,"column":8},"end":{"line":47,"column":43}},{"start":{"line":48,"column":8},"end":{"line":48,"column":9}}],"line":46},"4":{"loc":{"start":{"line":71,"column":4},"end":{"line":73,"column":5}},"type":"if","locations":[{"start":{"line":71,"column":4},"end":{"line":73,"column":5}},{"start":{},"end":{}}],"line":71},"5":{"loc":{"start":{"line":71,"column":8},"end":{"line":71,"column":66}},"type":"binary-expr","locations":[{"start":{"line":71,"column":8},"end":{"line":71,"column":35}},{"start":{"line":71,"column":39},"end":{"line":71,"column":66}}],"line":71},"6":{"loc":{"start":{"line":75,"column":4},"end":{"line":77,"column":5}},"type":"if","locations":[{"start":{"line":75,"column":4},"end":{"line":77,"column":5}},{"start":{},"end":{}}],"line":75},"7":{"loc":{"start":{"line":91,"column":4},"end":{"line":93,"column":5}},"type":"if","locations":[{"start":{"line":91,"column":4},"end":{"line":93,"column":5}},{"start":{},"end":{}}],"line":91},"8":{"loc":{"start":{"line":95,"column":4},"end":{"line":97,"column":5}},"type":"if","locations":[{"start":{"line":95,"column":4},"end":{"line":97,"column":5}},{"start":{},"end":{}}],"line":95},"9":{"loc":{"start":{"line":112,"column":13},"end":{"line":112,"column":30}},"type":"default-arg","locations":[{"start":{"line":112,"column":25},"end":{"line":112,"column":30}}],"line":112},"10":{"loc":{"start":{"line":115,"column":4},"end":{"line":118,"column":5}},"type":"if","locations":[{"start":{"line":115,"column":4},"end":{"line":118,"column":5}},{"start":{},"end":{}}],"line":115},"11":{"loc":{"start":{"line":122,"column":11},"end":{"line":122,"column":73}},"type":"binary-expr","locations":[{"start":{"line":122,"column":11},"end":{"line":122,"column":35}},{"start":{"line":122,"column":39},"end":{"line":122,"column":73}}],"line":122},"12":{"loc":{"start":{"line":126,"column":4},"end":{"line":130,"column":5}},"type":"if","locations":[{"start":{"line":126,"column":4},"end":{"line":130,"column":5}},{"start":{},"end":{}}],"line":126},"13":{"loc":{"start":{"line":142,"column":28},"end":{"line":142,"column":40}},"type":"default-arg","locations":[{"start":{"line":142,"column":38},"end":{"line":142,"column":40}}],"line":142},"14":{"loc":{"start":{"line":143,"column":4},"end":{"line":148,"column":5}},"type":"if","locations":[{"start":{"line":143,"column":4},"end":{"line":148,"column":5}},{"start":{},"end":{}}],"line":143},"15":{"loc":{"start":{"line":176,"column":4},"end":{"line":178,"column":5}},"type":"if","locations":[{"start":{"line":176,"column":4},"end":{"line":178,"column":5}},{"start":{},"end":{}}],"line":176},"16":{"loc":{"start":{"line":183,"column":6},"end":{"line":185,"column":7}},"type":"if","locations":[{"start":{"line":183,"column":6},"end":{"line":185,"column":7}},{"start":{},"end":{}}],"line":183},"17":{"loc":{"start":{"line":196,"column":4},"end":{"line":198,"column":5}},"type":"if","locations":[{"start":{"line":196,"column":4},"end":{"line":198,"column":5}},{"start":{},"end":{}}],"line":196},"18":{"loc":{"start":{"line":216,"column":6},"end":{"line":218,"column":7}},"type":"if","locations":[{"start":{"line":216,"column":6},"end":{"line":218,"column":7}},{"start":{},"end":{}}],"line":216},"19":{"loc":{"start":{"line":216,"column":10},"end":{"line":216,"column":38}},"type":"binary-expr","locations":[{"start":{"line":216,"column":10},"end":{"line":216,"column":14}},{"start":{"line":216,"column":18},"end":{"line":216,"column":25}},{"start":{"line":216,"column":29},"end":{"line":216,"column":38}}],"line":216},"20":{"loc":{"start":{"line":221,"column":6},"end":{"line":223,"column":7}},"type":"if","locations":[{"start":{"line":221,"column":6},"end":{"line":223,"column":7}},{"start":{},"end":{}}],"line":221}},"s":{"0":1,"1":1,"2":27,"3":27,"4":27,"5":27,"6":27,"7":27,"8":27,"9":19,"10":1,"11":18,"12":1,"13":17,"14":13,"15":1,"16":12,"17":1,"18":11,"19":11,"20":12,"21":12,"22":11,"23":11,"24":12,"25":12,"26":4,"27":4,"28":12,"29":1,"30":14,"31":1,"32":13,"33":1,"34":30,"35":0,"36":30,"37":38,"38":38,"39":27,"40":11,"41":11,"42":1,"43":30,"44":30,"45":19,"46":11,"47":11,"48":0,"49":11,"50":11,"51":0,"52":11,"53":9,"54":3,"55":11,"56":1},"f":{"0":27,"1":19,"2":13,"3":12,"4":4,"5":14,"6":1,"7":30,"8":1,"9":19,"10":11},"b":{"0":[1],"1":[27,3],"2":[27,2],"3":[2,25],"4":[1,18],"5":[19,19],"6":[1,17],"7":[1,12],"8":[1,11],"9":[10],"10":[11,1],"11":[16,5],"12":[1,11],"13":[13],"14":[1,13],"15":[0,30],"16":[27,11],"17":[30,0],"18":[0,11],"19":[11,11,11],"20":[0,11]},"_coverageSchema":"1a1c01bbd47fc00a2c39e90264f33305004495a9","hash":"0389005ad4d28332980c79db0efee9182ecb72f7"}
}
