{"C:\\Users\\user\\Desktop\\works\\liquifact\\src\\app.js": {"path":"C:\\Users\\user\\Desktop\\works\\liquifact\\src\\app.js","statementMap":{"0":{"start":{"line":1,"column":16},"end":{"line":1,"column":34}},"1":{"start":{"line":2,"column":13},"end":{"line":2,"column":28}},"2":{"start":{"line":3,"column":23},"end":{"line":3,"column":59}},"3":{"start":{"line":4,"column":32},"end":{"line":4,"column":61}},"4":{"start":{"line":7,"column":12},"end":{"line":7,"column":21}},"5":{"start":{"line":9,"column":0},"end":{"line":9,"column":16}},"6":{"start":{"line":10,"column":0},"end":{"line":10,"column":24}},"7":{"start":{"line":13,"column":0},"end":{"line":20,"column":3}},"8":{"start":{"line":14,"column":2},"end":{"line":19,"column":5}},"9":{"start":{"line":23,"column":0},"end":{"line":33,"column":3}},"10":{"start":{"line":24,"column":2},"end":{"line":32,"column":5}},"11":{"start":{"line":40,"column":0},"end":{"line":66,"column":3}},"12":{"start":{"line":41,"column":26},"end":{"line":41,"column":35}},"13":{"start":{"line":43,"column":2},"end":{"line":65,"column":3}},"14":{"start":{"line":44,"column":31},"end":{"line":44,"column":74}},"15":{"start":{"line":48,"column":4},"end":{"line":55,"column":7}},"16":{"start":{"line":58,"column":4},"end":{"line":64,"column":7}},"17":{"start":{"line":68,"column":0},"end":{"line":73,"column":3}},"18":{"start":{"line":69,"column":2},"end":{"line":72,"column":5}},"19":{"start":{"line":77,"column":0},"end":{"line":95,"column":3}},"20":{"start":{"line":78,"column":24},"end":{"line":78,"column":34}},"21":{"start":{"line":80,"column":2},"end":{"line":94,"column":3}},"22":{"start":{"line":82,"column":22},"end":{"line":84,"column":5}},"23":{"start":{"line":83,"column":6},"end":{"line":83,"column":65}},"24":{"start":{"line":86,"column":17},"end":{"line":86,"column":53}},"25":{"start":{"line":88,"column":4},"end":{"line":91,"column":7}},"26":{"start":{"line":93,"column":4},"end":{"line":93,"column":84}},"27":{"start":{"line":99,"column":0},"end":{"line":101,"column":3}},"28":{"start":{"line":100,"column":2},"end":{"line":100,"column":37}},"29":{"start":{"line":104,"column":0},"end":{"line":106,"column":3}},"30":{"start":{"line":105,"column":2},"end":{"line":105,"column":63}},"31":{"start":{"line":109,"column":0},"end":{"line":112,"column":3}},"32":{"start":{"line":110,"column":2},"end":{"line":110,"column":21}},"33":{"start":{"line":111,"column":2},"end":{"line":111,"column":59}},"34":{"start":{"line":114,"column":0},"end":{"line":114,"column":21}}},"fnMap":{"0":{"name":"(anonymous_0)","decl":{"start":{"line":13,"column":19},"end":{"line":13,"column":20}},"loc":{"start":{"line":13,"column":33},"end":{"line":20,"column":1}},"line":13},"1":{"name":"(anonymous_1)","decl":{"start":{"line":23,"column":16},"end":{"line":23,"column":17}},"loc":{"start":{"line":23,"column":30},"end":{"line":33,"column":1}},"line":23},"2":{"name":"(anonymous_2)","decl":{"start":{"line":40,"column":25},"end":{"line":40,"column":26}},"loc":{"start":{"line":40,"column":39},"end":{"line":66,"column":1}},"line":40},"3":{"name":"(anonymous_3)","decl":{"start":{"line":68,"column":26},"end":{"line":68,"column":27}},"loc":{"start":{"line":68,"column":40},"end":{"line":73,"column":1}},"line":68},"4":{"name":"(anonymous_4)","decl":{"start":{"line":77,"column":34},"end":{"line":77,"column":35}},"loc":{"start":{"line":77,"column":54},"end":{"line":95,"column":1}},"line":77},"5":{"name":"(anonymous_5)","decl":{"start":{"line":82,"column":22},"end":{"line":82,"column":23}},"loc":{"start":{"line":82,"column":34},"end":{"line":84,"column":5}},"line":82},"6":{"name":"(anonymous_6)","decl":{"start":{"line":99,"column":24},"end":{"line":99,"column":25}},"loc":{"start":{"line":99,"column":44},"end":{"line":101,"column":1}},"line":99},"7":{"name":"(anonymous_7)","decl":{"start":{"line":104,"column":8},"end":{"line":104,"column":9}},"loc":{"start":{"line":104,"column":22},"end":{"line":106,"column":1}},"line":104},"8":{"name":"(anonymous_8)","decl":{"start":{"line":109,"column":8},"end":{"line":109,"column":9}},"loc":{"start":{"line":109,"column":34},"end":{"line":112,"column":1}},"line":109}},"branchMap":{"0":{"loc":{"start":{"line":93,"column":34},"end":{"line":93,"column":80}},"type":"binary-expr","locations":[{"start":{"line":93,"column":34},"end":{"line":93,"column":47}},{"start":{"line":93,"column":51},"end":{"line":93,"column":80}}],"line":93}},"s":{"0":1,"1":1,"2":1,"3":1,"4":1,"5":1,"6":1,"7":1,"8":1,"9":1,"10":1,"11":1,"12":8,"13":8,"14":8,"15":7,"16":1,"17":1,"18":0,"19":1,"20":1,"21":1,"22":1,"23":1,"24":1,"25":1,"26":0,"27":1,"28":1,"29":1,"30":1,"31":1,"32":1,"33":1,"34":1},"f":{"0":1,"1":1,"2":8,"3":0,"4":1,"5":1,"6":1,"7":1,"8":1},"b":{"0":[0,0]},"_coverageSchema":"1a1c01bbd47fc00a2c39e90264f33305004495a9","hash":"96f18b1633fc5d04473ff1c521d4ee5e9e3225d3"}
,"C:\\Users\\user\\Desktop\\works\\liquifact\\src\\services\\invoiceService.js": {"path":"C:\\Users\\user\\Desktop\\works\\liquifact\\src\\services\\invoiceService.js","statementMap":{"0":{"start":{"line":7,"column":21},"end":{"line":13,"column":3}},"1":{"start":{"line":7,"column":59},"end":{"line":13,"column":1}},"2":{"start":{"line":23,"column":20},"end":{"line":50,"column":1}},"3":{"start":{"line":25,"column":12},"end":{"line":25,"column":48}},"4":{"start":{"line":26,"column":12},"end":{"line":26,"column":65}},"5":{"start":{"line":29,"column":21},"end":{"line":29,"column":32}},"6":{"start":{"line":30,"column":19},"end":{"line":30,"column":24}},"7":{"start":{"line":33,"column":18},"end":{"line":33,"column":58}},"8":{"start":{"line":36,"column":16},"end":{"line":36,"column":35}},"9":{"start":{"line":37,"column":21},"end":{"line":37,"column":41}},"10":{"start":{"line":39,"column":2},"end":{"line":49,"column":4}},"11":{"start":{"line":52,"column":0},"end":{"line":55,"column":2}}},"fnMap":{"0":{"name":"(anonymous_0)","decl":{"start":{"line":7,"column":48},"end":{"line":7,"column":49}},"loc":{"start":{"line":7,"column":59},"end":{"line":13,"column":1}},"line":7},"1":{"name":"(anonymous_1)","decl":{"start":{"line":23,"column":20},"end":{"line":23,"column":21}},"loc":{"start":{"line":23,"column":50},"end":{"line":50,"column":1}},"line":23}},"branchMap":{"0":{"loc":{"start":{"line":11,"column":10},"end":{"line":11,"column":59}},"type":"cond-expr","locations":[{"start":{"line":11,"column":24},"end":{"line":11,"column":34}},{"start":{"line":11,"column":37},"end":{"line":11,"column":59}}],"line":11},"1":{"loc":{"start":{"line":23,"column":23},"end":{"line":23,"column":31}},"type":"default-arg","locations":[{"start":{"line":23,"column":30},"end":{"line":23,"column":31}}],"line":23},"2":{"loc":{"start":{"line":23,"column":33},"end":{"line":23,"column":43}},"type":"default-arg","locations":[{"start":{"line":23,"column":41},"end":{"line":23,"column":43}}],"line":23},"3":{"loc":{"start":{"line":25,"column":12},"end":{"line":25,"column":48}},"type":"binary-expr","locations":[{"start":{"line":25,"column":12},"end":{"line":25,"column":43}},{"start":{"line":25,"column":47},"end":{"line":25,"column":48}}],"line":25},"4":{"loc":{"start":{"line":26,"column":12},"end":{"line":26,"column":65}},"type":"binary-expr","locations":[{"start":{"line":26,"column":12},"end":{"line":26,"column":59}},{"start":{"line":26,"column":63},"end":{"line":26,"column":65}}],"line":26}},"s":{"0":1,"1":25,"2":1,"3":7,"4":7,"5":7,"6":7,"7":7,"8":7,"9":7,"10":7,"11":1},"f":{"0":25,"1":7},"b":{"0":[9,16],"1":[2],"2":[2],"3":[7,1],"4":[7,1]},"_coverageSchema":"1a1c01bbd47fc00a2c39e90264f33305004495a9","hash":"a2ba54d23466b1a94055cb7a7c3b560e2ce0e98a"}
,"C:\\Users\\user\\Desktop\\works\\liquifact\\src\\services\\soroban.js": {"path":"C:\\Users\\user\\Desktop\\works\\liquifact\\src\\services\\soroban.js","statementMap":{"0":{"start":{"line":1,"column":22},"end":{"line":1,"column":47}},"1":{"start":{"line":10,"column":28},"end":{"line":16,"column":3}},"2":{"start":{"line":18,"column":23},"end":{"line":18,"column":58}},"3":{"start":{"line":19,"column":2},"end":{"line":19,"column":67}},"4":{"start":{"line":19,"column":39},"end":{"line":19,"column":65}},"5":{"start":{"line":30,"column":25},"end":{"line":35,"column":3}},"6":{"start":{"line":37,"column":2},"end":{"line":37,"column":75}},"7":{"start":{"line":40,"column":0},"end":{"line":43,"column":2}}},"fnMap":{"0":{"name":"isTransientError","decl":{"start":{"line":9,"column":9},"end":{"line":9,"column":25}},"loc":{"start":{"line":9,"column":33},"end":{"line":20,"column":1}},"line":9},"1":{"name":"(anonymous_1)","decl":{"start":{"line":19,"column":32},"end":{"line":19,"column":33}},"loc":{"start":{"line":19,"column":39},"end":{"line":19,"column":65}},"line":19},"2":{"name":"callSorobanContract","decl":{"start":{"line":29,"column":15},"end":{"line":29,"column":34}},"loc":{"start":{"line":29,"column":70},"end":{"line":38,"column":1}},"line":29}},"branchMap":{"0":{"loc":{"start":{"line":18,"column":24},"end":{"line":18,"column":43}},"type":"binary-expr","locations":[{"start":{"line":18,"column":24},"end":{"line":18,"column":37}},{"start":{"line":18,"column":41},"end":{"line":18,"column":43}}],"line":18},"1":{"loc":{"start":{"line":29,"column":51},"end":{"line":29,"column":68}},"type":"default-arg","locations":[{"start":{"line":29,"column":66},"end":{"line":29,"column":68}}],"line":29}},"s":{"0":2,"1":8,"2":8,"3":8,"4":53,"5":4,"6":4,"7":2},"f":{"0":8,"1":53,"2":4},"b":{"0":[8,0],"1":[3]},"_coverageSchema":"1a1c01bbd47fc00a2c39e90264f33305004495a9","hash":"b832e0cba80a5b9e729f8067663f982982efe2ea"}
,"C:\\Users\\user\\Desktop\\works\\liquifact\\src\\utils\\retry.js": {"path":"C:\\Users\\user\\Desktop\\works\\liquifact\\src\\utils\\retry.js","statementMap":{"0":{"start":{"line":29,"column":26},"end":{"line":29,"column":28}},"1":{"start":{"line":30,"column":24},"end":{"line":30,"column":29}},"2":{"start":{"line":31,"column":29},"end":{"line":31,"column":34}},"3":{"start":{"line":38,"column":6},"end":{"line":38,"column":13}},"4":{"start":{"line":37,"column":24},"end":{"line":37,"column":28}},"5":{"start":{"line":41,"column":2},"end":{"line":41,"column":66}},"6":{"start":{"line":42,"column":2},"end":{"line":42,"column":67}},"7":{"start":{"line":43,"column":2},"end":{"line":43,"column":60}},"8":{"start":{"line":45,"column":16},"end":{"line":45,"column":17}},"9":{"start":{"line":47,"column":2},"end":{"line":65,"column":3}},"10":{"start":{"line":48,"column":4},"end":{"line":64,"column":5}},"11":{"start":{"line":49,"column":6},"end":{"line":49,"column":31}},"12":{"start":{"line":51,"column":6},"end":{"line":53,"column":7}},"13":{"start":{"line":52,"column":8},"end":{"line":52,"column":20}},"14":{"start":{"line":56,"column":31},"end":{"line":56,"column":63}},"15":{"start":{"line":57,"column":20},"end":{"line":57,"column":56}},"16":{"start":{"line":60,"column":28},"end":{"line":60,"column":63}},"17":{"start":{"line":62,"column":6},"end":{"line":62,"column":16}},"18":{"start":{"line":63,"column":6},"end":{"line":63,"column":73}},"19":{"start":{"line":63,"column":37},"end":{"line":63,"column":71}},"20":{"start":{"line":68,"column":0},"end":{"line":70,"column":2}}},"fnMap":{"0":{"name":"withRetry","decl":{"start":{"line":27,"column":15},"end":{"line":27,"column":24}},"loc":{"start":{"line":27,"column":50},"end":{"line":66,"column":1}},"line":27},"1":{"name":"(anonymous_1)","decl":{"start":{"line":37,"column":18},"end":{"line":37,"column":19}},"loc":{"start":{"line":37,"column":24},"end":{"line":37,"column":28}},"line":37},"2":{"name":"(anonymous_2)","decl":{"start":{"line":63,"column":24},"end":{"line":63,"column":25}},"loc":{"start":{"line":63,"column":37},"end":{"line":63,"column":71}},"line":63}},"branchMap":{"0":{"loc":{"start":{"line":27,"column":36},"end":{"line":27,"column":48}},"type":"default-arg","locations":[{"start":{"line":27,"column":46},"end":{"line":27,"column":48}}],"line":27},"1":{"loc":{"start":{"line":34,"column":4},"end":{"line":34,"column":18}},"type":"default-arg","locations":[{"start":{"line":34,"column":17},"end":{"line":34,"column":18}}],"line":34},"2":{"loc":{"start":{"line":35,"column":4},"end":{"line":35,"column":19}},"type":"default-arg","locations":[{"start":{"line":35,"column":16},"end":{"line":35,"column":19}}],"line":35},"3":{"loc":{"start":{"line":36,"column":4},"end":{"line":36,"column":20}},"type":"default-arg","locations":[{"start":{"line":36,"column":15},"end":{"line":36,"column":20}}],"line":36},"4":{"loc":{"start":{"line":37,"column":4},"end":{"line":37,"column":28}},"type":"default-arg","locations":[{"start":{"line":37,"column":18},"end":{"line":37,"column":28}}],"line":37},"5":{"loc":{"start":{"line":51,"column":6},"end":{"line":53,"column":7}},"type":"if","locations":[{"start":{"line":51,"column":6},"end":{"line":53,"column":7}},{"start":{},"end":{}}],"line":51},"6":{"loc":{"start":{"line":51,"column":10},"end":{"line":51,"column":54}},"type":"binary-expr","locations":[{"start":{"line":51,"column":10},"end":{"line":51,"column":31}},{"start":{"line":51,"column":35},"end":{"line":51,"column":54}}],"line":51}},"s":{"0":10,"1":10,"2":10,"3":10,"4":15,"5":10,"6":10,"7":10,"8":10,"9":10,"10":26,"11":26,"12":21,"13":5,"14":16,"15":16,"16":16,"17":16,"18":16,"19":16,"20":3},"f":{"0":10,"1":15,"2":16},"b":{"0":[1],"1":[1],"2":[1],"3":[5],"4":[5],"5":[5,16],"6":[21,18]},"_coverageSchema":"1a1c01bbd47fc00a2c39e90264f33305004495a9","hash":"524e064b7658e9149eb359c9b5274b6cd4235a7d"}
}
