TN:
SF:src/workers/jobQueue.js
FN:49,(anonymous_0)
FN:81,(anonymous_1)
FN:130,(anonymous_2)
FN:181,(anonymous_3)
FN:210,(anonymous_4)
FN:242,(anonymous_5)
FN:251,(anonymous_6)
FN:280,(anonymous_7)
FN:299,(anonymous_8)
FNF:9
FNH:9
FNDA:71,(anonymous_0)
FNDA:59,(anonymous_1)
FNDA:76,(anonymous_2)
FNDA:17,(anonymous_3)
FNDA:25,(anonymous_4)
FNDA:24,(anonymous_5)
FNDA:6,(anonymous_6)
FNDA:65,(anonymous_7)
FNDA:55,(anonymous_8)
DA:14,1
DA:21,1
DA:51,71
DA:52,71
DA:55,71
DA:58,71
DA:61,71
DA:83,59
DA:84,2
DA:88,57
DA:89,57
DA:91,1
DA:95,56
DA:96,1
DA:100,55
DA:102,55
DA:116,55
DA:117,55
DA:119,55
DA:132,76
DA:133,18
DA:134,18
DA:136,18
DA:137,18
DA:138,1
DA:139,1
DA:140,1
DA:141,1
DA:144,17
DA:150,75
DA:151,37
DA:152,37
DA:154,37
DA:156,0
DA:159,37
DA:160,36
DA:161,36
DA:162,36
DA:163,36
DA:164,1
DA:166,1
DA:170,39
DA:182,17
DA:184,17
DA:185,2
DA:188,15
DA:189,2
DA:194,13
DA:195,13
DA:211,25
DA:213,25
DA:214,2
DA:217,23
DA:218,23
DA:221,23
DA:222,23
DA:225,23
DA:226,23
DA:228,23
DA:231,0
DA:232,0
DA:243,24
DA:252,6
DA:263,6
DA:264,9
DA:265,7
DA:266,3
DA:267,1
DA:268,1
DA:271,6
DA:281,65
DA:282,65
DA:283,65
DA:284,65
DA:285,65
DA:300,55
DA:301,0
DA:304,55
DA:305,55
DA:309,55
DA:313,1
DA:314,1
LF:82
LH:78
BRDA:49,0,0,66
BRDA:51,1,0,71
BRDA:51,1,1,69
BRDA:52,2,0,71
BRDA:52,2,1,70
BRDA:81,3,0,43
BRDA:83,4,0,2
BRDA:83,4,1,57
BRDA:83,5,0,59
BRDA:83,5,1,58
BRDA:95,6,0,1
BRDA:95,6,1,55
BRDA:107,7,0,55
BRDA:107,7,1,53
BRDA:108,8,0,55
BRDA:108,8,1,53
BRDA:132,9,0,18
BRDA:132,9,1,58
BRDA:136,10,0,18
BRDA:136,10,1,0
BRDA:137,11,0,1
BRDA:137,11,1,17
BRDA:154,12,0,0
BRDA:154,12,1,37
BRDA:159,13,0,36
BRDA:159,13,1,1
BRDA:164,14,0,1
BRDA:164,14,1,0
BRDA:184,15,0,2
BRDA:184,15,1,15
BRDA:188,16,0,2
BRDA:188,16,1,13
BRDA:213,17,0,2
BRDA:213,17,1,23
BRDA:217,18,0,23
BRDA:217,18,1,2
BRDA:221,19,0,23
BRDA:221,19,1,0
BRDA:243,20,0,24
BRDA:243,20,1,1
BRDA:264,21,0,2
BRDA:264,21,1,7
BRDA:265,22,0,4
BRDA:265,22,1,3
BRDA:266,23,0,2
BRDA:266,23,1,1
BRDA:267,24,0,0
BRDA:267,24,1,1
BRDA:268,25,0,1
BRDA:268,25,1,0
BRDA:300,26,0,0
BRDA:300,26,1,55
BRDA:300,27,0,55
BRDA:300,27,1,18
BRDA:305,28,0,55
BRDA:305,28,1,0
BRF:56
BRH:48
end_of_record
TN:
SF:src/workers/worker.js
FN:39,(anonymous_0)
FN:70,(anonymous_1)
FN:90,(anonymous_2)
FN:112,(anonymous_3)
FN:123,(anonymous_4)
FN:142,(anonymous_5)
FN:158,(anonymous_6)
FN:175,(anonymous_7)
FN:190,(anonymous_8)
FN:197,(anonymous_9)
FN:214,(anonymous_10)
FNF:11
FNH:11
FNDA:27,(anonymous_0)
FNDA:19,(anonymous_1)
FNDA:13,(anonymous_2)
FNDA:12,(anonymous_3)
FNDA:4,(anonymous_4)
FNDA:14,(anonymous_5)
FNDA:1,(anonymous_6)
FNDA:30,(anonymous_7)
FNDA:1,(anonymous_8)
FNDA:19,(anonymous_9)
FNDA:11,(anonymous_10)
DA:15,1
DA:16,1
DA:40,27
DA:43,27
DA:46,27
DA:51,27
DA:54,27
DA:55,27
DA:56,27
DA:71,19
DA:72,1
DA:75,18
DA:76,1
DA:79,17
DA:91,13
DA:92,1
DA:95,12
DA:96,1
DA:99,11
DA:100,11
DA:113,12
DA:115,12
DA:116,11
DA:117,11
DA:121,12
DA:122,12
DA:123,4
DA:126,12
DA:127,1
DA:143,14
DA:144,1
DA:150,13
DA:159,1
DA:176,30
DA:177,0
DA:181,30
DA:182,38
DA:183,38
DA:184,27
DA:187,11
DA:190,11
DA:191,1
DA:196,30
DA:197,30
DA:215,11
DA:216,11
DA:217,0
DA:220,11
DA:221,11
DA:222,0
DA:226,11
DA:229,9
DA:232,3
DA:234,11
DA:239,1
LF:55
LH:52
BRDA:39,0,0,1
BRDA:40,1,0,27
BRDA:40,1,1,3
BRDA:43,2,0,27
BRDA:43,2,1,2
BRDA:46,3,0,2
BRDA:46,3,1,25
BRDA:71,4,0,1
BRDA:71,4,1,18
BRDA:71,5,0,19
BRDA:71,5,1,19
BRDA:75,6,0,1
BRDA:75,6,1,17
BRDA:91,7,0,1
BRDA:91,7,1,12
BRDA:95,8,0,1
BRDA:95,8,1,11
BRDA:112,9,0,10
BRDA:115,10,0,11
BRDA:115,10,1,1
BRDA:122,11,0,16
BRDA:122,11,1,5
BRDA:126,12,0,1
BRDA:126,12,1,11
BRDA:142,13,0,13
BRDA:143,14,0,1
BRDA:143,14,1,13
BRDA:176,15,0,0
BRDA:176,15,1,30
BRDA:183,16,0,27
BRDA:183,16,1,11
BRDA:196,17,0,30
BRDA:196,17,1,0
BRDA:216,18,0,0
BRDA:216,18,1,11
BRDA:216,19,0,11
BRDA:216,19,1,11
BRDA:216,19,2,11
BRDA:221,20,0,0
BRDA:221,20,1,11
BRF:40
BRH:36
end_of_record
