TN:
SF:src/config/env.js
FN:42,(anonymous_0)
FN:53,(anonymous_1)
FN:69,(anonymous_2)
FN:85,(anonymous_3)
FN:109,(anonymous_4)
FN:133,(anonymous_5)
FN:160,(anonymous_6)
FN:191,parseValue
FN:237,validateVariable
FN:300,validateEnv
FN:304,(anonymous_10)
FN:322,(anonymous_11)
FN:341,getEnvSchema
FN:350,generateEnvDocumentation
FN:355,(anonymous_14)
FN:373,getVariableDescription
FNF:16
FNH:16
FNDA:58,(anonymous_0)
FNDA:59,(anonymous_1)
FNDA:59,(anonymous_2)
FNDA:61,(anonymous_3)
FNDA:61,(anonymous_4)
FNDA:11,(anonymous_5)
FNDA:7,(anonymous_6)
FNDA:349,parseValue
FNDA:438,validateVariable
FNDA:62,validateEnv
FNDA:434,(anonymous_10)
FNDA:21,(anonymous_11)
FNDA:1,getEnvSchema
FNDA:2,generateEnvDocumentation
FNDA:14,(anonymous_14)
FNDA:14,getVariableDescription
DA:14,1
DA:25,1
DA:37,1
DA:43,58
DA:44,5
DA:46,53
DA:54,59
DA:55,59
DA:56,3
DA:62,56
DA:70,59
DA:71,59
DA:72,2
DA:78,57
DA:86,61
DA:87,61
DA:88,60
DA:89,1
DA:95,59
DA:97,1
DA:110,61
DA:111,61
DA:112,60
DA:113,1
DA:119,59
DA:121,1
DA:134,11
DA:135,11
DA:136,11
DA:138,9
DA:139,9
DA:140,1
DA:146,8
DA:148,2
DA:161,7
DA:162,7
DA:163,7
DA:164,6
DA:165,1
DA:171,5
DA:173,1
DA:192,349
DA:193,3
DA:196,346
DA:198,63
DA:199,63
DA:200,5
DA:202,58
DA:205,18
DA:206,9
DA:208,9
DA:209,8
DA:211,1
DA:215,145
DA:216,145
DA:217,3
DA:219,142
DA:222,119
DA:225,1
DA:239,438
DA:240,1
DA:248,437
DA:249,115
DA:250,11
DA:252,104
DA:257,322
DA:258,322
DA:260,4
DA:268,318
DA:269,2
DA:273,316
DA:274,316
DA:275,316
DA:276,19
DA:284,297
DA:301,62
DA:302,62
DA:304,62
DA:305,434
DA:306,434
DA:308,434
DA:309,21
DA:315,413
DA:320,62
DA:321,19
DA:322,21
DA:325,19
DA:328,19
DA:329,19
DA:330,19
DA:333,43
DA:342,1
DA:351,2
DA:352,2
DA:353,2
DA:355,2
DA:356,14
DA:357,14
DA:358,14
DA:359,14
DA:361,14
DA:364,2
DA:374,14
DA:384,14
DA:387,1
LF:105
LH:105
BRDA:43,0,0,5
BRDA:43,0,1,53
BRDA:43,1,0,58
BRDA:43,1,1,56
BRDA:55,2,0,3
BRDA:55,2,1,56
BRDA:71,3,0,2
BRDA:71,3,1,57
BRDA:88,4,0,1
BRDA:88,4,1,59
BRDA:112,5,0,1
BRDA:112,5,1,59
BRDA:134,6,0,0
BRDA:134,6,1,11
BRDA:139,7,0,1
BRDA:139,7,1,8
BRDA:161,8,0,0
BRDA:161,8,1,7
BRDA:164,9,0,1
BRDA:164,9,1,5
BRDA:192,10,0,3
BRDA:192,10,1,346
BRDA:192,11,0,349
BRDA:192,11,1,348
BRDA:192,11,2,347
BRDA:196,12,0,63
BRDA:196,12,1,18
BRDA:196,12,2,145
BRDA:196,12,3,119
BRDA:196,12,4,1
BRDA:199,13,0,5
BRDA:199,13,1,58
BRDA:205,14,0,9
BRDA:205,14,1,9
BRDA:208,15,0,8
BRDA:208,15,1,1
BRDA:216,16,0,3
BRDA:216,16,1,142
BRDA:239,17,0,1
BRDA:239,17,1,437
BRDA:239,18,0,438
BRDA:239,18,1,1
BRDA:239,18,2,1
BRDA:239,18,3,0
BRDA:248,19,0,115
BRDA:248,19,1,322
BRDA:248,20,0,437
BRDA:248,20,1,329
BRDA:248,20,2,322
BRDA:249,21,0,11
BRDA:249,21,1,104
BRDA:249,22,0,115
BRDA:249,22,1,115
BRDA:268,23,0,2
BRDA:268,23,1,316
BRDA:268,24,0,318
BRDA:268,24,1,2
BRDA:273,25,0,316
BRDA:273,25,1,0
BRDA:273,26,0,316
BRDA:273,26,1,316
BRDA:275,27,0,19
BRDA:275,27,1,297
BRDA:300,28,0,0
BRDA:308,29,0,21
BRDA:308,29,1,413
BRDA:320,30,0,19
BRDA:320,30,1,43
BRDA:357,31,0,0
BRDA:357,31,1,14
BRDA:358,32,0,10
BRDA:358,32,1,4
BRDA:384,33,0,14
BRDA:384,33,1,0
BRF:74
BRH:67
end_of_record
TN:
SF:src/services/soroban.js
FN:9,isTransientError
FN:19,(anonymous_1)
FN:29,callSorobanContract
FNF:3
FNH:3
FNDA:8,isTransientError
FNDA:53,(anonymous_1)
FNDA:3,callSorobanContract
DA:1,1
DA:10,8
DA:18,8
DA:19,53
DA:30,3
DA:37,3
DA:40,1
LF:7
LH:7
BRDA:18,0,0,8
BRDA:18,0,1,0
BRDA:29,1,0,2
BRF:3
BRH:2
end_of_record
TN:
SF:src/utils/retry.js
FN:27,withRetry
FN:37,(anonymous_1)
FN:63,(anonymous_2)
FNF:3
FNH:3
FNDA:9,withRetry
FNDA:15,(anonymous_1)
FNDA:16,(anonymous_2)
DA:29,9
DA:30,9
DA:31,9
DA:37,15
DA:38,9
DA:41,9
DA:42,9
DA:43,9
DA:45,9
DA:47,9
DA:48,25
DA:49,25
DA:51,21
DA:52,5
DA:56,16
DA:57,16
DA:60,16
DA:62,16
DA:63,16
DA:68,2
LF:20
LH:20
BRDA:27,0,0,1
BRDA:34,1,0,1
BRDA:35,2,0,1
BRDA:36,3,0,5
BRDA:37,4,0,5
BRDA:51,5,0,5
BRDA:51,5,1,16
BRDA:51,6,0,21
BRDA:51,6,1,18
BRF:9
BRH:9
end_of_record
